<?xml version="1.0" encoding="UTF-8"?>
<testsuite xmlns:xsi="http://www.w3.org/2001/XMLSchema-instance" xsi:noNamespaceSchemaLocation="https://maven.apache.org/surefire/maven-surefire-plugin/xsd/surefire-test-report.xsd" name="DateDifferenceTests" time="0.019" tests="4" errors="0" skipped="0" failures="0">
  <properties>
    <property name="sun.desktop" value="windows"/>
    <property name="awt.toolkit" value="sun.awt.windows.WToolkit"/>
    <property name="file.encoding.pkg" value="sun.io"/>
    <property name="java.specification.version" value="1.8"/>
    <property name="sun.cpu.isalist" value="amd64"/>
    <property name="sun.jnu.encoding" value="Cp1252"/>
    <property name="java.class.path" value="C:\Users\Ivan\git\spring-projects\DateDifference\target\test-classes;C:\Users\Ivan\git\spring-projects\DateDifference\target\classes;C:\Users\Ivan\.m2\repository\org\junit\jupiter\junit-jupiter-api\5.3.0-M1\junit-jupiter-api-5.3.0-M1.jar;C:\Users\Ivan\.m2\repository\org\apiguardian\apiguardian-api\1.0.0\apiguardian-api-1.0.0.jar;C:\Users\Ivan\.m2\repository\org\opentest4j\opentest4j\1.1.0\opentest4j-1.1.0.jar;C:\Users\Ivan\.m2\repository\org\junit\platform\junit-platform-commons\1.3.0-M1\junit-platform-commons-1.3.0-M1.jar;C:\Users\Ivan\.m2\repository\org\junit\jupiter\junit-jupiter-engine\5.3.0-M1\junit-jupiter-engine-5.3.0-M1.jar;C:\Users\Ivan\.m2\repository\org\junit\platform\junit-platform-engine\1.3.0-M1\junit-platform-engine-1.3.0-M1.jar;C:\Users\Ivan\.m2\repository\org\junit\platform\junit-platform-launcher\1.3.0-M1\junit-platform-launcher-1.3.0-M1.jar;C:\Users\Ivan\.m2\repository\org\junit\platform\junit-platform-runner\1.3.0-M1\junit-platform-runner-1.3.0-M1.jar;C:\Users\Ivan\.m2\repository\org\junit\platform\junit-platform-suite-api\1.3.0-M1\junit-platform-suite-api-1.3.0-M1.jar;C:\Users\Ivan\.m2\repository\junit\junit\4.12\junit-4.12.jar;C:\Users\Ivan\.m2\repository\org\junit\vintage\junit-vintage-engine\5.3.0-M1\junit-vintage-engine-5.3.0-M1.jar;C:\Users\Ivan\.m2\repository\org\springframework\spring-core\5.0.7.RELEASE\spring-core-5.0.7.RELEASE.jar;C:\Users\Ivan\.m2\repository\org\springframework\spring-jcl\5.0.7.RELEASE\spring-jcl-5.0.7.RELEASE.jar;C:\Users\Ivan\.m2\repository\org\springframework\spring-web\5.0.7.RELEASE\spring-web-5.0.7.RELEASE.jar;C:\Users\Ivan\.m2\repository\org\springframework\spring-beans\5.0.7.RELEASE\spring-beans-5.0.7.RELEASE.jar;C:\Users\Ivan\.m2\repository\org\springframework\spring-webmvc\5.0.7.RELEASE\spring-webmvc-5.0.7.RELEASE.jar;C:\Users\Ivan\.m2\repository\org\springframework\spring-aop\5.0.7.RELEASE\spring-aop-5.0.7.RELEASE.jar;C:\Users\Ivan\.m2\repository\org\springframework\spring-context\5.0.7.RELEASE\spring-context-5.0.7.RELEASE.jar;C:\Users\Ivan\.m2\repository\org\springframework\spring-expression\5.0.7.RELEASE\spring-expression-5.0.7.RELEASE.jar;C:\Users\Ivan\.m2\repository\javax\servlet\javax.servlet-api\4.0.1\javax.servlet-api-4.0.1.jar;C:\Users\Ivan\.m2\repository\javax\servlet\jsp\jsp-api\2.2\jsp-api-2.2.jar;C:\Users\Ivan\.m2\repository\javax\servlet\jstl\1.2\jstl-1.2.jar;C:\Users\Ivan\.m2\repository\org\apache\logging\log4j\log4j-core\2.11.0\log4j-core-2.11.0.jar;C:\Users\Ivan\.m2\repository\org\apache\logging\log4j\log4j-api\2.11.0\log4j-api-2.11.0.jar;"/>
    <property name="java.vm.vendor" value="Oracle Corporation"/>
    <property name="sun.arch.data.model" value="64"/>
    <property name="user.variant" value=""/>
    <property name="java.vendor.url" value="http://java.oracle.com/"/>
    <property name="user.timezone" value="America/Chicago"/>
    <property name="java.vm.specification.version" value="1.8"/>
    <property name="os.name" value="Windows 10"/>
    <property name="user.country" value="US"/>
    <property name="sun.java.launcher" value="SUN_STANDARD"/>
    <property name="sun.boot.library.path" value="C:\Program Files\Java\jdk1.8.0_172\jre\bin"/>
    <property name="sun.java.command" value="C:\Users\Ivan\AppData\Local\Temp\surefire8443165300216206739\surefirebooter813564274525482677.jar C:\Users\Ivan\AppData\Local\Temp\surefire8443165300216206739 2018-07-26T14-18-50_510-jvmRun1 surefire5484655919756185313tmp surefire_06268021302149793863tmp"/>
    <property name="surefire.test.class.path" value="C:\Users\Ivan\git\spring-projects\DateDifference\target\test-classes;C:\Users\Ivan\git\spring-projects\DateDifference\target\classes;C:\Users\Ivan\.m2\repository\org\junit\jupiter\junit-jupiter-api\5.3.0-M1\junit-jupiter-api-5.3.0-M1.jar;C:\Users\Ivan\.m2\repository\org\apiguardian\apiguardian-api\1.0.0\apiguardian-api-1.0.0.jar;C:\Users\Ivan\.m2\repository\org\opentest4j\opentest4j\1.1.0\opentest4j-1.1.0.jar;C:\Users\Ivan\.m2\repository\org\junit\platform\junit-platform-commons\1.3.0-M1\junit-platform-commons-1.3.0-M1.jar;C:\Users\Ivan\.m2\repository\org\junit\jupiter\junit-jupiter-engine\5.3.0-M1\junit-jupiter-engine-5.3.0-M1.jar;C:\Users\Ivan\.m2\repository\org\junit\platform\junit-platform-engine\1.3.0-M1\junit-platform-engine-1.3.0-M1.jar;C:\Users\Ivan\.m2\repository\org\junit\platform\junit-platform-launcher\1.3.0-M1\junit-platform-launcher-1.3.0-M1.jar;C:\Users\Ivan\.m2\repository\org\junit\platform\junit-platform-runner\1.3.0-M1\junit-platform-runner-1.3.0-M1.jar;C:\Users\Ivan\.m2\repository\org\junit\platform\junit-platform-suite-api\1.3.0-M1\junit-platform-suite-api-1.3.0-M1.jar;C:\Users\Ivan\.m2\repository\junit\junit\4.12\junit-4.12.jar;C:\Users\Ivan\.m2\repository\org\junit\vintage\junit-vintage-engine\5.3.0-M1\junit-vintage-engine-5.3.0-M1.jar;C:\Users\Ivan\.m2\repository\org\springframework\spring-core\5.0.7.RELEASE\spring-core-5.0.7.RELEASE.jar;C:\Users\Ivan\.m2\repository\org\springframework\spring-jcl\5.0.7.RELEASE\spring-jcl-5.0.7.RELEASE.jar;C:\Users\Ivan\.m2\repository\org\springframework\spring-web\5.0.7.RELEASE\spring-web-5.0.7.RELEASE.jar;C:\Users\Ivan\.m2\repository\org\springframework\spring-beans\5.0.7.RELEASE\spring-beans-5.0.7.RELEASE.jar;C:\Users\Ivan\.m2\repository\org\springframework\spring-webmvc\5.0.7.RELEASE\spring-webmvc-5.0.7.RELEASE.jar;C:\Users\Ivan\.m2\repository\org\springframework\spring-aop\5.0.7.RELEASE\spring-aop-5.0.7.RELEASE.jar;C:\Users\Ivan\.m2\repository\org\springframework\spring-context\5.0.7.RELEASE\spring-context-5.0.7.RELEASE.jar;C:\Users\Ivan\.m2\repository\org\springframework\spring-expression\5.0.7.RELEASE\spring-expression-5.0.7.RELEASE.jar;C:\Users\Ivan\.m2\repository\javax\servlet\javax.servlet-api\4.0.1\javax.servlet-api-4.0.1.jar;C:\Users\Ivan\.m2\repository\javax\servlet\jsp\jsp-api\2.2\jsp-api-2.2.jar;C:\Users\Ivan\.m2\repository\javax\servlet\jstl\1.2\jstl-1.2.jar;C:\Users\Ivan\.m2\repository\org\apache\logging\log4j\log4j-core\2.11.0\log4j-core-2.11.0.jar;C:\Users\Ivan\.m2\repository\org\apache\logging\log4j\log4j-api\2.11.0\log4j-api-2.11.0.jar;"/>
    <property name="sun.cpu.endian" value="little"/>
    <property name="user.home" value="C:\Users\Ivan"/>
    <property name="user.language" value="en"/>
    <property name="java.specification.vendor" value="Oracle Corporation"/>
    <property name="java.home" value="C:\Program Files\Java\jdk1.8.0_172\jre"/>
    <property name="basedir" value="C:\Users\Ivan\git\spring-projects\DateDifference"/>
    <property name="file.separator" value="\"/>
    <property name="line.separator" value="&#10;"/>
    <property name="java.vm.specification.vendor" value="Oracle Corporation"/>
    <property name="java.specification.name" value="Java Platform API Specification"/>
    <property name="java.awt.graphicsenv" value="sun.awt.Win32GraphicsEnvironment"/>
    <property name="surefire.real.class.path" value="C:\Users\Ivan\AppData\Local\Temp\surefire8443165300216206739\surefirebooter813564274525482677.jar"/>
    <property name="sun.boot.class.path" value="C:\Program Files\Java\jdk1.8.0_172\jre\lib\resources.jar;C:\Program Files\Java\jdk1.8.0_172\jre\lib\rt.jar;C:\Program Files\Java\jdk1.8.0_172\jre\lib\sunrsasign.jar;C:\Program Files\Java\jdk1.8.0_172\jre\lib\jsse.jar;C:\Program Files\Java\jdk1.8.0_172\jre\lib\jce.jar;C:\Program Files\Java\jdk1.8.0_172\jre\lib\charsets.jar;C:\Program Files\Java\jdk1.8.0_172\jre\lib\jfr.jar;C:\Program Files\Java\jdk1.8.0_172\jre\classes"/>
    <property name="user.script" value=""/>
    <property name="sun.management.compiler" value="HotSpot 64-Bit Tiered Compilers"/>
    <property name="java.runtime.version" value="1.8.0_172-b11"/>
    <property name="user.name" value="Ivan"/>
    <property name="path.separator" value=";"/>
    <property name="os.version" value="10.0"/>
    <property name="java.endorsed.dirs" value="C:\Program Files\Java\jdk1.8.0_172\jre\lib\endorsed"/>
    <property name="java.runtime.name" value="Java(TM) SE Runtime Environment"/>
    <property name="file.encoding" value="Cp1252"/>
    <property name="java.vm.name" value="Java HotSpot(TM) 64-Bit Server VM"/>
    <property name="localRepository" value="C:\Users\Ivan\.m2\repository"/>
    <property name="java.vendor.url.bug" value="http://bugreport.sun.com/bugreport/"/>
    <property name="java.io.tmpdir" value="C:\Users\Ivan\AppData\Local\Temp\"/>
    <property name="java.version" value="1.8.0_172"/>
    <property name="user.dir" value="C:\Users\Ivan\git\spring-projects\DateDifference"/>
    <property name="os.arch" value="amd64"/>
    <property name="java.vm.specification.name" value="Java Virtual Machine Specification"/>
    <property name="java.awt.printerjob" value="sun.awt.windows.WPrinterJob"/>
    <property name="sun.os.patch.level" value=""/>
    <property name="java.library.path" value="C:\Program Files\Java\jdk1.8.0_172\jre\bin;C:\WINDOWS\Sun\Java\bin;C:\WINDOWS\system32;C:\WINDOWS;C:/Program Files/Java/jre1.8.0_172/bin/server;C:/Program Files/Java/jre1.8.0_172/bin;C:/Program Files/Java/jre1.8.0_172/lib/amd64;C:\Program Files\Hardwipe\;C:\Program Files (x86)\Common Files\Oracle\Java\javapath;C:\ProgramData\Oracle\Java\javapath;C:\Program Files (x86)\Intel\iCLS Client\;C:\Program Files\Intel\iCLS Client\;C:\Windows\system32;C:\Windows;C:\Windows\System32\Wbem;C:\Windows\System32\WindowsPowerShell\v1.0\;C:\Program Files (x86)\Intel\Intel(R) Management Engine Components\DAL;C:\Program Files\Intel\Intel(R) Management Engine Components\DAL;C:\Program Files (x86)\Intel\Intel(R) Management Engine Components\IPT;C:\Program Files\Intel\Intel(R) Management Engine Components\IPT;C:\Program Files (x86)\NVIDIA Corporation\PhysX\Common;C:\Program Files\Intel\WiFi\bin\;C:\Program Files\Common Files\Intel\WirelessCommon\;C:\WINDOWS\system32;C:\WINDOWS;C:\WINDOWS\System32\Wbem;C:\WINDOWS\System32\WindowsPowerShell\v1.0\;C:\WINDOWS\System32\OpenSSH\;C:\Users\Ivan\AppData\Local\Microsoft\WindowsApps;C:\Users\Ivan\Desktop;;."/>
    <property name="java.vm.info" value="mixed mode"/>
    <property name="java.vendor" value="Oracle Corporation"/>
    <property name="java.vm.version" value="25.172-b11"/>
    <property name="java.ext.dirs" value="C:\Program Files\Java\jdk1.8.0_172\jre\lib\ext;C:\WINDOWS\Sun\Java\lib\ext"/>
    <property name="sun.io.unicode.encoding" value="UnicodeLittle"/>
    <property name="java.class.version" value="52.0"/>
  </properties>
  <testcase name="testLeapYear" classname="DateDifferenceTests" time="0.002"/>
  <testcase name="testSameDateCalculation" classname="DateDifferenceTests" time="0"/>
  <testcase name="testDateCalculation" classname="DateDifferenceTests" time="0.004"/>
  <testcase name="testLargeDateCalculation" classname="DateDifferenceTests" time="0.003"/>
</testsuite>